*******************************************************************************
Tue Dec 08 21:40:00 2020


FIT:    data read from "temp3.txt" index 0 using 1:2
        format = x:z
        x range restricted to [1.00000 : 32.0000]
        #datapoints = 32
        residuals are weighted equally (unit weight)

function used for fitting: f(x)
	f(x) = a + b*x + c*x**2 + d*x**3 + e*x**4 + f*x**5 + g*x**6 + h*x**7 + i*x**8 + j*x**9 + k*x**10 + l*x**11 + m*x*12 + n*x*13
fitted parameters initialized with current variable values

iter      chisq       delta/lim  lambda   a             b             c             d             e             f             g             h             i             j             k             l             m             n            
   0 2.7001473259e+33   0.00e+00  2.38e+15    1.000000e+00   1.000000e+00   1.000000e+00   1.000000e+00   1.000000e+00   1.000000e+00   1.000000e+00   1.000000e+00   1.000000e+00   1.000000e+00   1.000000e+00   1.000000e+00   1.000000e+00   1.000000e+00
  20 1.7916158254e+00  -1.63e-03  2.38e-05    2.321858e+01   5.056366e-01   5.044706e+00  -1.824348e+00   3.813182e-01  -4.972088e-02   4.191199e-03  -2.314768e-04   8.307759e-06  -1.864468e-07   2.375279e-09  -1.310709e-11  -2.350902e-01  -3.371998e-01

After 20 iterations the fit converged.
final sum of squares of residuals : 1.79162
rel. change during last iteration : -1.62534e-08

degrees of freedom    (FIT_NDF)                        : 18
rms of residuals      (FIT_STDFIT) = sqrt(WSSR/ndf)    : 0.31549
variance of residuals (reduced chisquare) = WSSR/ndf   : 0.0995342

Final set of parameters            Asymptotic Standard Error
=======================            ==========================
a               = 23.2186          +/- 3.095        (13.33%)
b               = 0.505637         +/- 8.125e+05    (1.607e+08%)
c               = 5.04471          +/- 3.759        (74.51%)
d               = -1.82435         +/- 1.263        (69.24%)
e               = 0.381318         +/- 0.2477       (64.97%)
f               = -0.0497209       +/- 0.03056      (61.46%)
g               = 0.0041912        +/- 0.002466     (58.84%)
h               = -0.000231477     +/- 0.000132     (57.04%)
i               = 8.30776e-06      +/- 4.645e-06    (55.92%)
j               = -1.86447e-07     +/- 1.032e-07    (55.34%)
k               = 2.37528e-09      +/- 1.311e-09    (55.2%)
l               = -1.31071e-11     +/- 7.259e-12    (55.38%)
m               = -0.23509         +/- 2.367e+09    (1.007e+12%)
n               = -0.3372          +/- 2.185e+09    (6.479e+11%)

correlation matrix of the fit parameters:
                a      b      c      d      e      f      g      h      i      j      k      l      m      n      
a               1.000 
b              -0.096  1.000 
c               0.961 -0.135  1.000 
d              -0.932  0.162 -0.994  1.000 
e               0.900 -0.191  0.980 -0.996  1.000 
f              -0.869  0.220 -0.961  0.985 -0.997  1.000 
g               0.838 -0.247  0.940 -0.970  0.988 -0.997  1.000 
h              -0.809  0.273 -0.917  0.952 -0.976  0.990 -0.998  1.000 
i               0.782 -0.296  0.894 -0.933  0.961 -0.980  0.992 -0.998  1.000 
j              -0.756  0.318 -0.872  0.914 -0.946  0.969 -0.984  0.994 -0.999  1.000 
k               0.732 -0.336  0.850 -0.895  0.930 -0.956  0.975 -0.987  0.995 -0.999  1.000 
l              -0.710  0.353 -0.830  0.877 -0.914  0.943 -0.964  0.979 -0.990  0.996 -0.999  1.000 
m               0.109  0.470  0.103 -0.084  0.058 -0.030  0.002  0.024 -0.049  0.071 -0.090  0.106  1.000 
n              -0.109 -0.470 -0.103  0.084 -0.058  0.030 -0.002 -0.024  0.049 -0.071  0.090 -0.106 -1.000  1.000 